F:\DANDY2015\INTEGRATED_PROJECT\DANDY_2015\DEBUG\SERVOCON_WIN_D.EXE
F:\DANDY2015\INTEGRATED_PROJECT\DANDY_2015\DEBUG\SERVOCON_WIN_D.ILK
F:\DANDY2015\INTEGRATED_PROJECT\DANDY_2015\DEBUG\SERVOCON_WIN_D.PDB
F:\DANDY2015\INTEGRATED_PROJECT\SERVOCON\SERVOCON_WIN\SERVOCON_WIN\DEBUG\ARG_PARSING.OBJ
F:\DANDY2015\Integrated_Project\servocon\servocon_win\servocon_win\Debug\cl.command.1.tlog
F:\DANDY2015\Integrated_Project\servocon\servocon_win\servocon_win\Debug\CL.read.1.tlog
F:\DANDY2015\Integrated_Project\servocon\servocon_win\servocon_win\Debug\CL.write.1.tlog
F:\DANDY2015\INTEGRATED_PROJECT\SERVOCON\SERVOCON_WIN\SERVOCON_WIN\DEBUG\ECAT_COE.OBJ
F:\DANDY2015\INTEGRATED_PROJECT\SERVOCON\SERVOCON_WIN\SERVOCON_WIN\DEBUG\ECAT_LIB.OBJ
F:\DANDY2015\INTEGRATED_PROJECT\SERVOCON\SERVOCON_WIN\SERVOCON_WIN\DEBUG\ECAT_NETWORK.OBJ
F:\DANDY2015\INTEGRATED_PROJECT\SERVOCON\SERVOCON_WIN\SERVOCON_WIN\DEBUG\ECAT_PDO.OBJ
F:\DANDY2015\INTEGRATED_PROJECT\SERVOCON\SERVOCON_WIN\SERVOCON_WIN\DEBUG\ERROR_PARSING.OBJ
F:\DANDY2015\INTEGRATED_PROJECT\SERVOCON\SERVOCON_WIN\SERVOCON_WIN\DEBUG\IO_SVC.OBJ
F:\DANDY2015\Integrated_Project\servocon\servocon_win\servocon_win\Debug\link.command.1.tlog
F:\DANDY2015\Integrated_Project\servocon\servocon_win\servocon_win\Debug\link.read.1.tlog
F:\DANDY2015\Integrated_Project\servocon\servocon_win\servocon_win\Debug\link.write.1.tlog
F:\DANDY2015\Integrated_Project\servocon\servocon_win\servocon_win\Debug\link-cvtres.read.1.tlog
F:\DANDY2015\Integrated_Project\servocon\servocon_win\servocon_win\Debug\link-cvtres.write.1.tlog
F:\DANDY2015\INTEGRATED_PROJECT\SERVOCON\SERVOCON_WIN\SERVOCON_WIN\DEBUG\MOTOR_SVC.OBJ
F:\DANDY2015\INTEGRATED_PROJECT\SERVOCON\SERVOCON_WIN\SERVOCON_WIN\DEBUG\MSG_PASS.OBJ
F:\DANDY2015\Integrated_Project\servocon\servocon_win\servocon_win\Debug\mt.command.1.tlog
F:\DANDY2015\Integrated_Project\servocon\servocon_win\servocon_win\Debug\mt.read.1.tlog
F:\DANDY2015\Integrated_Project\servocon\servocon_win\servocon_win\Debug\mt.write.1.tlog
F:\DANDY2015\Integrated_Project\servocon\servocon_win\servocon_win\Debug\rc.command.1.tlog
F:\DANDY2015\Integrated_Project\servocon\servocon_win\servocon_win\Debug\rc.read.1.tlog
F:\DANDY2015\Integrated_Project\servocon\servocon_win\servocon_win\Debug\rc.write.1.tlog
F:\DANDY2015\INTEGRATED_PROJECT\SERVOCON\SERVOCON_WIN\SERVOCON_WIN\DEBUG\RUN_THREAD.OBJ
F:\DANDY2015\INTEGRATED_PROJECT\SERVOCON\SERVOCON_WIN\SERVOCON_WIN\DEBUG\SAVE_FILE.OBJ
F:\DANDY2015\INTEGRATED_PROJECT\SERVOCON\SERVOCON_WIN\SERVOCON_WIN\DEBUG\SCR_DISPLAY.OBJ
F:\DANDY2015\INTEGRATED_PROJECT\SERVOCON\SERVOCON_WIN\SERVOCON_WIN\DEBUG\SERVOCON_MAIN.OBJ
F:\DANDY2015\INTEGRATED_PROJECT\SERVOCON\SERVOCON_WIN\SERVOCON_WIN\DEBUG\SERVOCON_WIN.RES
F:\DANDY2015\INTEGRATED_PROJECT\SERVOCON\SERVOCON_WIN\SERVOCON_WIN\DEBUG\SERVOCON_WIN_D.EXE.EMBED.MANIFEST
F:\DANDY2015\INTEGRATED_PROJECT\SERVOCON\SERVOCON_WIN\SERVOCON_WIN\DEBUG\SERVOCON_WIN_D.EXE.EMBED.MANIFEST.RES
F:\DANDY2015\INTEGRATED_PROJECT\SERVOCON\SERVOCON_WIN\SERVOCON_WIN\DEBUG\SERVOCON_WIN_D.EXE.INTERMEDIATE.MANIFEST
F:\DANDY2015\Integrated_Project\servocon\servocon_win\servocon_win\Debug\servocon_win_d_manifest.rc
F:\DANDY2015\INTEGRATED_PROJECT\SERVOCON\SERVOCON_WIN\SERVOCON_WIN\DEBUG\SHMEM_MGR.OBJ
F:\DANDY2015\INTEGRATED_PROJECT\SERVOCON\SERVOCON_WIN\SERVOCON_WIN\DEBUG\SVC_HANDLING.OBJ
F:\DANDY2015\INTEGRATED_PROJECT\SERVOCON\SERVOCON_WIN\SERVOCON_WIN\DEBUG\SYS_SVC.OBJ
F:\DANDY2015\Integrated_Project\servocon\servocon_win\servocon_win\Debug\vc100.idb
F:\DANDY2015\INTEGRATED_PROJECT\SERVOCON\SERVOCON_WIN\SERVOCON_WIN\DEBUG\VC100.PDB
