D:\Work\Dandy2015_dev\servocon_ver0.11a_130814\servocon_win\Debug\servocon_win.exe
D:\Work\Dandy2015_dev\servocon_ver0.11a_130814\servocon_win\Debug\servocon_win.ilk
D:\Work\Dandy2015_dev\servocon_ver0.11a_130814\servocon_win\Debug\servocon_win.pdb
D:\Work\Dandy2015_dev\servocon_ver0.11a_130814\servocon_win\servocon_win\Debug\cl.command.1.tlog
D:\Work\Dandy2015_dev\servocon_ver0.11a_130814\servocon_win\servocon_win\Debug\CL.read.1.tlog
D:\Work\Dandy2015_dev\servocon_ver0.11a_130814\servocon_win\servocon_win\Debug\CL.write.1.tlog
D:\Work\Dandy2015_dev\servocon_ver0.11a_130814\servocon_win\servocon_win\Debug\link.2896.read.1.tlog
D:\Work\Dandy2015_dev\servocon_ver0.11a_130814\servocon_win\servocon_win\Debug\link.2896.write.1.tlog
D:\Work\Dandy2015_dev\servocon_ver0.11a_130814\servocon_win\servocon_win\Debug\link.2896-cvtres.read.1.tlog
D:\Work\Dandy2015_dev\servocon_ver0.11a_130814\servocon_win\servocon_win\Debug\link.2896-cvtres.write.1.tlog
D:\Work\Dandy2015_dev\servocon_ver0.11a_130814\servocon_win\servocon_win\Debug\link.command.1.tlog
D:\Work\Dandy2015_dev\servocon_ver0.11a_130814\servocon_win\servocon_win\Debug\link.read.1.tlog
D:\Work\Dandy2015_dev\servocon_ver0.11a_130814\servocon_win\servocon_win\Debug\link.write.1.tlog
D:\Work\Dandy2015_dev\servocon_ver0.11a_130814\servocon_win\servocon_win\Debug\link-cvtres.read.1.tlog
D:\Work\Dandy2015_dev\servocon_ver0.11a_130814\servocon_win\servocon_win\Debug\link-cvtres.write.1.tlog
D:\Work\Dandy2015_dev\servocon_ver0.11a_130814\servocon_win\servocon_win\Debug\mt.command.1.tlog
D:\Work\Dandy2015_dev\servocon_ver0.11a_130814\servocon_win\servocon_win\Debug\mt.read.1.tlog
D:\Work\Dandy2015_dev\servocon_ver0.11a_130814\servocon_win\servocon_win\Debug\mt.write.1.tlog
D:\Work\Dandy2015_dev\servocon_ver0.11a_130814\servocon_win\servocon_win\Debug\rc.command.1.tlog
D:\Work\Dandy2015_dev\servocon_ver0.11a_130814\servocon_win\servocon_win\Debug\rc.read.1.tlog
D:\Work\Dandy2015_dev\servocon_ver0.11a_130814\servocon_win\servocon_win\Debug\rc.write.1.tlog
D:\Work\Dandy2015_dev\servocon_ver0.11a_130814\servocon_win\servocon_win\Debug\servocon.obj
D:\Work\Dandy2015_dev\servocon_ver0.11a_130814\servocon_win\servocon_win\Debug\servocon_arg.obj
D:\Work\Dandy2015_dev\servocon_ver0.11a_130814\servocon_win\servocon_win\Debug\servocon_ecat.obj
D:\Work\Dandy2015_dev\servocon_ver0.11a_130814\servocon_win\servocon_win\Debug\servocon_serv.obj
D:\Work\Dandy2015_dev\servocon_ver0.11a_130814\servocon_win\servocon_win\Debug\servocon_win.exe.embed.manifest
D:\Work\Dandy2015_dev\servocon_ver0.11a_130814\servocon_win\servocon_win\Debug\servocon_win.exe.embed.manifest.res
D:\Work\Dandy2015_dev\servocon_ver0.11a_130814\servocon_win\servocon_win\Debug\servocon_win.exe.intermediate.manifest
D:\Work\Dandy2015_dev\servocon_ver0.11a_130814\servocon_win\servocon_win\Debug\servocon_win_manifest.rc
D:\Work\Dandy2015_dev\servocon_ver0.11a_130814\servocon_win\servocon_win\Debug\vc100.idb
D:\Work\Dandy2015_dev\servocon_ver0.11a_130814\servocon_win\servocon_win\Debug\vc100.pdb
E:\07_SERVOCON\SERVOCON_WIN\DEBUG\SERVOCON_WIN.EXE
E:\07_SERVOCON\SERVOCON_WIN\DEBUG\SERVOCON_WIN.ILK
E:\07_SERVOCON\SERVOCON_WIN\DEBUG\SERVOCON_WIN.PDB
E:\07_SERVOCON\SERVOCON_WIN\SERVOCON_WIN\DEBUG\SERVOCON.OBJ
E:\07_SERVOCON\SERVOCON_WIN\SERVOCON_WIN\DEBUG\SERVOCON_ARG.OBJ
E:\07_SERVOCON\SERVOCON_WIN\SERVOCON_WIN\DEBUG\SERVOCON_ECAT.OBJ
E:\07_SERVOCON\SERVOCON_WIN\SERVOCON_WIN\DEBUG\SERVOCON_SERV.OBJ
E:\07_SERVOCON\SERVOCON_WIN\SERVOCON_WIN\DEBUG\SERVOCON_WIN.EXE.EMBED.MANIFEST
E:\07_SERVOCON\SERVOCON_WIN\SERVOCON_WIN\DEBUG\SERVOCON_WIN.EXE.EMBED.MANIFEST.RES
E:\07_SERVOCON\SERVOCON_WIN\SERVOCON_WIN\DEBUG\SERVOCON_WIN.EXE.INTERMEDIATE.MANIFEST
E:\07_SERVOCON\SERVOCON_WIN\SERVOCON_WIN\DEBUG\VC100.PDB
