F:\DANDY2015\Integrated_Project\DANDY_2015\DANDY_2015\Debug\cl.command.1.tlog
F:\DANDY2015\Integrated_Project\DANDY_2015\DANDY_2015\Debug\CL.read.1.tlog
F:\DANDY2015\Integrated_Project\DANDY_2015\DANDY_2015\Debug\CL.write.1.tlog
F:\DANDY2015\INTEGRATED_PROJECT\DANDY_2015\DANDY_2015\DEBUG\DANDY_2015.EXE.EMBED.MANIFEST
F:\DANDY2015\INTEGRATED_PROJECT\DANDY_2015\DANDY_2015\DEBUG\DANDY_2015.EXE.EMBED.MANIFEST.RES
F:\DANDY2015\INTEGRATED_PROJECT\DANDY_2015\DANDY_2015\DEBUG\DANDY_2015.EXE.INTERMEDIATE.MANIFEST
F:\DANDY2015\INTEGRATED_PROJECT\DANDY_2015\DANDY_2015\DEBUG\DANDY_2015.OBJ
F:\DANDY2015\INTEGRATED_PROJECT\DANDY_2015\DANDY_2015\DEBUG\DANDY_2015.PCH
F:\DANDY2015\Integrated_Project\DANDY_2015\DANDY_2015\Debug\DANDY_2015_manifest.rc
F:\DANDY2015\Integrated_Project\DANDY_2015\DANDY_2015\Debug\link.5996.read.1.tlog
F:\DANDY2015\Integrated_Project\DANDY_2015\DANDY_2015\Debug\link.5996.write.1.tlog
F:\DANDY2015\Integrated_Project\DANDY_2015\DANDY_2015\Debug\link.5996-cvtres.read.1.tlog
F:\DANDY2015\Integrated_Project\DANDY_2015\DANDY_2015\Debug\link.5996-cvtres.write.1.tlog
F:\DANDY2015\Integrated_Project\DANDY_2015\DANDY_2015\Debug\link.command.1.tlog
F:\DANDY2015\Integrated_Project\DANDY_2015\DANDY_2015\Debug\link.read.1.tlog
F:\DANDY2015\Integrated_Project\DANDY_2015\DANDY_2015\Debug\link.write.1.tlog
F:\DANDY2015\Integrated_Project\DANDY_2015\DANDY_2015\Debug\link-cvtres.read.1.tlog
F:\DANDY2015\Integrated_Project\DANDY_2015\DANDY_2015\Debug\link-cvtres.write.1.tlog
F:\DANDY2015\Integrated_Project\DANDY_2015\DANDY_2015\Debug\mt.command.1.tlog
F:\DANDY2015\Integrated_Project\DANDY_2015\DANDY_2015\Debug\mt.read.1.tlog
F:\DANDY2015\Integrated_Project\DANDY_2015\DANDY_2015\Debug\mt.write.1.tlog
F:\DANDY2015\Integrated_Project\DANDY_2015\DANDY_2015\Debug\rc.command.1.tlog
F:\DANDY2015\Integrated_Project\DANDY_2015\DANDY_2015\Debug\rc.read.1.tlog
F:\DANDY2015\Integrated_Project\DANDY_2015\DANDY_2015\Debug\rc.write.1.tlog
F:\DANDY2015\INTEGRATED_PROJECT\DANDY_2015\DANDY_2015\DEBUG\STDAFX.OBJ
F:\DANDY2015\Integrated_Project\DANDY_2015\DANDY_2015\Debug\vc100.idb
F:\DANDY2015\INTEGRATED_PROJECT\DANDY_2015\DANDY_2015\DEBUG\VC100.PDB
F:\DANDY2015\INTEGRATED_PROJECT\DANDY_2015\DEBUG\DANDY_2015.EXE
F:\DANDY2015\INTEGRATED_PROJECT\DANDY_2015\DEBUG\DANDY_2015.ILK
F:\DANDY2015\INTEGRATED_PROJECT\DANDY_2015\DEBUG\DANDY_2015.PDB
