Build started 2014-07-28 AM 8:28:53.
     1>Project "D:\Project\DANDY2015\Project\DANDY_2015\DANDY_2015\DANDY_2015.vcxproj" on node 2 (rebuild target(s)).
     1>_PrepareForClean:
         Deleting file "Release\DANDY_2015.lastbuildstate".
       InitializeBuildStatus:
         Creating "Release\DANDY_2015.unsuccessfulbuild" because "AlwaysCreate" was specified.
       ClCompile:
         C:\Program Files (x86)\Microsoft Visual Studio 10.0\VC\bin\CL.exe /c /Zi /nologo /W3 /WX- /O2 /Oi /Oy- /GL /D WIN32 /D NDEBUG /D _CONSOLE /D _UNICODE /D UNICODE /Gm- /EHsc /MD /GS /Gy /fp:precise /Zc:wchar_t /Zc:forScope /Yc"StdAfx.h" /Fp"Release\DANDY_2015.pch" /Fo"Release\\" /Fd"Release\vc100.pdb" /Gd /TP /analyze- /errorReport:prompt stdafx.cpp
         stdafx.cpp
         C:\Program Files (x86)\Microsoft Visual Studio 10.0\VC\bin\CL.exe /c /Zi /nologo /W3 /WX- /O2 /Oi /Oy- /GL /D WIN32 /D NDEBUG /D _CONSOLE /D _UNICODE /D UNICODE /Gm- /EHsc /MD /GS /Gy /fp:precise /Zc:wchar_t /Zc:forScope /Yu"StdAfx.h" /Fp"Release\DANDY_2015.pch" /Fo"Release\\" /Fd"Release\vc100.pdb" /Gd /TP /analyze- /errorReport:prompt DANDY_2015.cpp
         DANDY_2015.cpp
       Link:
         C:\Program Files (x86)\Microsoft Visual Studio 10.0\VC\bin\link.exe /ERRORREPORT:PROMPT /OUT:"D:\Project\DANDY2015\Project\DANDY_2015\Release\DANDY_2015.exe" /INCREMENTAL:NO /NOLOGO kernel32.lib user32.lib gdi32.lib winspool.lib comdlg32.lib advapi32.lib shell32.lib ole32.lib oleaut32.lib uuid.lib odbc32.lib odbccp32.lib /MANIFEST /ManifestFile:"Release\DANDY_2015.exe.intermediate.manifest" /MANIFESTUAC:"level='asInvoker' uiAccess='false'" /DEBUG /PDB:"D:\Project\DANDY2015\Project\DANDY_2015\Release\DANDY_2015.pdb" /SUBSYSTEM:CONSOLE /OPT:REF /OPT:ICF /LTCG /TLBID:1 /DYNAMICBASE /NXCOMPAT /IMPLIB:"D:\Project\DANDY2015\Project\DANDY_2015\Release\DANDY_2015.lib" /MACHINE:X86 Release\DANDY_2015.obj
         Release\stdafx.obj
         Generating code
         Finished generating code
         DANDY_2015.vcxproj -> D:\Project\DANDY2015\Project\DANDY_2015\Release\DANDY_2015.exe
       Manifest:
         C:\Program Files (x86)\Microsoft SDKs\Windows\v7.0A\bin\mt.exe /nologo /verbose /outputresource:"D:\Project\DANDY2015\Project\DANDY_2015\Release\DANDY_2015.exe;#1" /manifest Release\DANDY_2015.exe.intermediate.manifest
       FinalizeBuildStatus:
         Deleting file "Release\DANDY_2015.unsuccessfulbuild".
         Touching "Release\DANDY_2015.lastbuildstate".
     1>Done Building Project "D:\Project\DANDY2015\Project\DANDY_2015\DANDY_2015\DANDY_2015.vcxproj" (rebuild target(s)).

Build succeeded.

Time Elapsed 00:00:00.39
