D:\PROJECT\DANDY2015\PROJECT\TASKEXEC\TASKEXEC_WIN\RELEASE\ARG_GET.OBJ
D:\PROJECT\DANDY2015\PROJECT\TASKEXEC\TASKEXEC_WIN\RELEASE\ARG_SET.OBJ
D:\PROJECT\DANDY2015\PROJECT\TASKEXEC\TASKEXEC_WIN\RELEASE\ARG_UNIT.OBJ
D:\PROJECT\DANDY2015\PROJECT\TASKEXEC\TASKEXEC_WIN\RELEASE\ARGUMENT.OBJ
D:\PROJECT\DANDY2015\PROJECT\TASKEXEC\TASKEXEC_WIN\RELEASE\CALC_WEAV_ROT.OBJ
D:\PROJECT\DANDY2015\PROJECT\TASKEXEC\TASKEXEC_WIN\RELEASE\CALL_STACK.OBJ
D:\Project\DANDY2015\Project\taskexec\taskexec_win\Release\cl.command.1.tlog
D:\Project\DANDY2015\Project\taskexec\taskexec_win\Release\CL.read.1.tlog
D:\Project\DANDY2015\Project\taskexec\taskexec_win\Release\CL.write.1.tlog
D:\PROJECT\DANDY2015\PROJECT\TASKEXEC\TASKEXEC_WIN\RELEASE\CMD.OBJ
D:\PROJECT\DANDY2015\PROJECT\TASKEXEC\TASKEXEC_WIN\RELEASE\CMD_BRANCH.OBJ
D:\PROJECT\DANDY2015\PROJECT\TASKEXEC\TASKEXEC_WIN\RELEASE\CMD_COORD.OBJ
D:\PROJECT\DANDY2015\PROJECT\TASKEXEC\TASKEXEC_WIN\RELEASE\CMD_CWEAV.OBJ
D:\PROJECT\DANDY2015\PROJECT\TASKEXEC\TASKEXEC_WIN\RELEASE\CMD_MOV.OBJ
D:\PROJECT\DANDY2015\PROJECT\TASKEXEC\TASKEXEC_WIN\RELEASE\CMD_OP.OBJ
D:\PROJECT\DANDY2015\PROJECT\TASKEXEC\TASKEXEC_WIN\RELEASE\CMD_PORT.OBJ
D:\PROJECT\DANDY2015\PROJECT\TASKEXEC\TASKEXEC_WIN\RELEASE\CMD_TOUCH.OBJ
D:\PROJECT\DANDY2015\PROJECT\TASKEXEC\TASKEXEC_WIN\RELEASE\CMD_WELD.OBJ
D:\PROJECT\DANDY2015\PROJECT\TASKEXEC\TASKEXEC_WIN\RELEASE\COORD.OBJ
D:\PROJECT\DANDY2015\PROJECT\TASKEXEC\TASKEXEC_WIN\RELEASE\FILEMGR.OBJ
D:\PROJECT\DANDY2015\PROJECT\TASKEXEC\TASKEXEC_WIN\RELEASE\GEOMETRY.OBJ
D:\PROJECT\DANDY2015\PROJECT\TASKEXEC\TASKEXEC_WIN\RELEASE\GLOBAL.OBJ
D:\PROJECT\DANDY2015\PROJECT\TASKEXEC\TASKEXEC_WIN\RELEASE\INIT.OBJ
D:\PROJECT\DANDY2015\PROJECT\TASKEXEC\TASKEXEC_WIN\RELEASE\KIN_DANDY2.OBJ
D:\Project\DANDY2015\Project\taskexec\taskexec_win\Release\link.command.1.tlog
D:\Project\DANDY2015\Project\taskexec\taskexec_win\Release\link.read.1.tlog
D:\Project\DANDY2015\Project\taskexec\taskexec_win\Release\link.write.1.tlog
D:\Project\DANDY2015\Project\taskexec\taskexec_win\Release\link-cvtres.read.1.tlog
D:\Project\DANDY2015\Project\taskexec\taskexec_win\Release\link-cvtres.write.1.tlog
D:\PROJECT\DANDY2015\PROJECT\TASKEXEC\TASKEXEC_WIN\RELEASE\MOTION.OBJ
D:\Project\DANDY2015\Project\taskexec\taskexec_win\Release\mt.command.1.tlog
D:\Project\DANDY2015\Project\taskexec\taskexec_win\Release\mt.read.1.tlog
D:\Project\DANDY2015\Project\taskexec\taskexec_win\Release\mt.write.1.tlog
D:\PROJECT\DANDY2015\PROJECT\TASKEXEC\TASKEXEC_WIN\RELEASE\PROFILE3.OBJ
D:\PROJECT\DANDY2015\PROJECT\TASKEXEC\TASKEXEC_WIN\RELEASE\PROFILE7.OBJ
D:\Project\DANDY2015\Project\taskexec\taskexec_win\Release\rc.command.1.tlog
D:\Project\DANDY2015\Project\taskexec\taskexec_win\Release\rc.read.1.tlog
D:\Project\DANDY2015\Project\taskexec\taskexec_win\Release\rc.write.1.tlog
D:\PROJECT\DANDY2015\PROJECT\TASKEXEC\TASKEXEC_WIN\RELEASE\RUN_JOG.OBJ
D:\PROJECT\DANDY2015\PROJECT\TASKEXEC\TASKEXEC_WIN\RELEASE\RUN_PROG.OBJ
D:\PROJECT\DANDY2015\PROJECT\TASKEXEC\TASKEXEC_WIN\RELEASE\RUN_RESTART.OBJ
D:\PROJECT\DANDY2015\PROJECT\TASKEXEC\TASKEXEC_WIN\RELEASE\RUN_SERV.OBJ
D:\PROJECT\DANDY2015\PROJECT\TASKEXEC\TASKEXEC_WIN\RELEASE\RUN_TIMETEST.OBJ
D:\PROJECT\DANDY2015\PROJECT\TASKEXEC\TASKEXEC_WIN\RELEASE\SENSOR.OBJ
D:\PROJECT\DANDY2015\PROJECT\TASKEXEC\TASKEXEC_WIN\RELEASE\STR_CONV.OBJ
D:\PROJECT\DANDY2015\PROJECT\TASKEXEC\TASKEXEC_WIN\RELEASE\T_RUNTIME.OBJ
D:\PROJECT\DANDY2015\PROJECT\TASKEXEC\TASKEXEC_WIN\RELEASE\T_TASKEXEC.OBJ
D:\PROJECT\DANDY2015\PROJECT\TASKEXEC\TASKEXEC_WIN\RELEASE\T_VGA.OBJ
D:\PROJECT\DANDY2015\PROJECT\TASKEXEC\TASKEXEC_WIN\RELEASE\TASKEXEC_WIN.EXE
D:\PROJECT\DANDY2015\PROJECT\TASKEXEC\TASKEXEC_WIN\RELEASE\TASKEXEC_WIN.EXE.INTERMEDIATE.MANIFEST
D:\PROJECT\DANDY2015\PROJECT\TASKEXEC\TASKEXEC_WIN\RELEASE\TASKEXEC_WIN.PDB
D:\PROJECT\DANDY2015\PROJECT\TASKEXEC\TASKEXEC_WIN\RELEASE\TASKEXEC_WIN.RES
D:\PROJECT\DANDY2015\PROJECT\TASKEXEC\TASKEXEC_WIN\RELEASE\TE_SERV.OBJ
D:\PROJECT\DANDY2015\PROJECT\TASKEXEC\TASKEXEC_WIN\RELEASE\TRAJECTORY.OBJ
D:\PROJECT\DANDY2015\PROJECT\TASKEXEC\TASKEXEC_WIN\RELEASE\VC100.PDB
D:\PROJECT\DANDY2015\PROJECT\TASKEXEC\TASKEXEC_WIN\RELEASE\WEAVE.OBJ
