F:\DANDY2015\Integrated_Project\DANDY_2015\\Debug\robotmgr_win_d.exe
F:\DANDY2015\Integrated_Project\DANDY_2015\\Debug\robotmgr_win_d.ilk
F:\DANDY2015\Integrated_Project\DANDY_2015\\Debug\robotmgr_win_d.pdb
F:\DANDY2015\INTEGRATED_PROJECT\DANDY_2015\DEBUG\ROBOTMGR_WIN_D.EXE
F:\DANDY2015\INTEGRATED_PROJECT\DANDY_2015\DEBUG\ROBOTMGR_WIN_D.ILK
F:\DANDY2015\INTEGRATED_PROJECT\DANDY_2015\DEBUG\ROBOTMGR_WIN_D.PDB
F:\DANDY2015\INTEGRATED_PROJECT\ROBOTMGR\ROBOTMGR_WIN\ROBOTMGR_WIN\DEBUG\ARG_PARSING.OBJ
F:\DANDY2015\Integrated_Project\robotmgr\robotmgr_win\robotmgr_win\Debug\cl.command.1.tlog
F:\DANDY2015\Integrated_Project\robotmgr\robotmgr_win\robotmgr_win\Debug\CL.read.1.tlog
F:\DANDY2015\Integrated_Project\robotmgr\robotmgr_win\robotmgr_win\Debug\CL.write.1.tlog
F:\DANDY2015\INTEGRATED_PROJECT\ROBOTMGR\ROBOTMGR_WIN\ROBOTMGR_WIN\DEBUG\CONF_CHECK.OBJ
F:\DANDY2015\INTEGRATED_PROJECT\ROBOTMGR\ROBOTMGR_WIN\ROBOTMGR_WIN\DEBUG\CONF_DEFAULT.OBJ
F:\DANDY2015\INTEGRATED_PROJECT\ROBOTMGR\ROBOTMGR_WIN\ROBOTMGR_WIN\DEBUG\CONF_LOAD.OBJ
F:\DANDY2015\INTEGRATED_PROJECT\ROBOTMGR\ROBOTMGR_WIN\ROBOTMGR_WIN\DEBUG\CONFPARS_AXIS.OBJ
F:\DANDY2015\INTEGRATED_PROJECT\ROBOTMGR\ROBOTMGR_WIN\ROBOTMGR_WIN\DEBUG\CONFPARS_GLOBAL.OBJ
F:\DANDY2015\INTEGRATED_PROJECT\ROBOTMGR\ROBOTMGR_WIN\ROBOTMGR_WIN\DEBUG\CONFPARS_MOTOR.OBJ
F:\DANDY2015\INTEGRATED_PROJECT\ROBOTMGR\ROBOTMGR_WIN\ROBOTMGR_WIN\DEBUG\CONFPARS_PARAM.OBJ
F:\DANDY2015\INTEGRATED_PROJECT\ROBOTMGR\ROBOTMGR_WIN\ROBOTMGR_WIN\DEBUG\CONFPARS_ROBOT.OBJ
F:\DANDY2015\INTEGRATED_PROJECT\ROBOTMGR\ROBOTMGR_WIN\ROBOTMGR_WIN\DEBUG\CONFPARS_STATIS.OBJ
F:\DANDY2015\INTEGRATED_PROJECT\ROBOTMGR\ROBOTMGR_WIN\ROBOTMGR_WIN\DEBUG\CONFPARS_WELDER.OBJ
F:\DANDY2015\INTEGRATED_PROJECT\ROBOTMGR\ROBOTMGR_WIN\ROBOTMGR_WIN\DEBUG\ERR_HANDLING.OBJ
F:\DANDY2015\INTEGRATED_PROJECT\ROBOTMGR\ROBOTMGR_WIN\ROBOTMGR_WIN\DEBUG\ERR_PARSING.OBJ
F:\DANDY2015\INTEGRATED_PROJECT\ROBOTMGR\ROBOTMGR_WIN\ROBOTMGR_WIN\DEBUG\JOB_COMPILE.OBJ
F:\DANDY2015\Integrated_Project\robotmgr\robotmgr_win\robotmgr_win\Debug\link.command.1.tlog
F:\DANDY2015\Integrated_Project\robotmgr\robotmgr_win\robotmgr_win\Debug\link.read.1.tlog
F:\DANDY2015\Integrated_Project\robotmgr\robotmgr_win\robotmgr_win\Debug\link.write.1.tlog
F:\DANDY2015\Integrated_Project\robotmgr\robotmgr_win\robotmgr_win\Debug\link-cvtres.read.1.tlog
F:\DANDY2015\Integrated_Project\robotmgr\robotmgr_win\robotmgr_win\Debug\link-cvtres.write.1.tlog
F:\DANDY2015\INTEGRATED_PROJECT\ROBOTMGR\ROBOTMGR_WIN\ROBOTMGR_WIN\DEBUG\MSG_PASS.OBJ
F:\DANDY2015\Integrated_Project\robotmgr\robotmgr_win\robotmgr_win\Debug\mt.command.1.tlog
F:\DANDY2015\Integrated_Project\robotmgr\robotmgr_win\robotmgr_win\Debug\mt.read.1.tlog
F:\DANDY2015\Integrated_Project\robotmgr\robotmgr_win\robotmgr_win\Debug\mt.write.1.tlog
F:\DANDY2015\INTEGRATED_PROJECT\ROBOTMGR\ROBOTMGR_WIN\ROBOTMGR_WIN\DEBUG\PAR_PARSING.OBJ
F:\DANDY2015\INTEGRATED_PROJECT\ROBOTMGR\ROBOTMGR_WIN\ROBOTMGR_WIN\DEBUG\PARAM_MATH.OBJ
F:\DANDY2015\INTEGRATED_PROJECT\ROBOTMGR\ROBOTMGR_WIN\ROBOTMGR_WIN\DEBUG\PARAMFILE_HANDLE.OBJ
F:\DANDY2015\Integrated_Project\robotmgr\robotmgr_win\robotmgr_win\Debug\rc.command.1.tlog
F:\DANDY2015\Integrated_Project\robotmgr\robotmgr_win\robotmgr_win\Debug\rc.read.1.tlog
F:\DANDY2015\Integrated_Project\robotmgr\robotmgr_win\robotmgr_win\Debug\rc.write.1.tlog
F:\DANDY2015\INTEGRATED_PROJECT\ROBOTMGR\ROBOTMGR_WIN\ROBOTMGR_WIN\DEBUG\ROBOTMGR_MAIN.OBJ
F:\DANDY2015\INTEGRATED_PROJECT\ROBOTMGR\ROBOTMGR_WIN\ROBOTMGR_WIN\DEBUG\ROBOTMGR_WIN_D.EXE.EMBED.MANIFEST
F:\DANDY2015\INTEGRATED_PROJECT\ROBOTMGR\ROBOTMGR_WIN\ROBOTMGR_WIN\DEBUG\ROBOTMGR_WIN_D.EXE.EMBED.MANIFEST.RES
F:\DANDY2015\INTEGRATED_PROJECT\ROBOTMGR\ROBOTMGR_WIN\ROBOTMGR_WIN\DEBUG\ROBOTMGR_WIN_D.EXE.INTERMEDIATE.MANIFEST
F:\DANDY2015\Integrated_Project\robotmgr\robotmgr_win\robotmgr_win\Debug\robotmgr_win_d_manifest.rc
F:\DANDY2015\INTEGRATED_PROJECT\ROBOTMGR\ROBOTMGR_WIN\ROBOTMGR_WIN\DEBUG\ROBOTMGR_WIN1.RES
F:\DANDY2015\INTEGRATED_PROJECT\ROBOTMGR\ROBOTMGR_WIN\ROBOTMGR_WIN\DEBUG\SCR_DISPLAY.OBJ
F:\DANDY2015\INTEGRATED_PROJECT\ROBOTMGR\ROBOTMGR_WIN\ROBOTMGR_WIN\DEBUG\SHMEM_MGR.OBJ
F:\DANDY2015\INTEGRATED_PROJECT\ROBOTMGR\ROBOTMGR_WIN\ROBOTMGR_WIN\DEBUG\SVC_HANDLING.OBJ
F:\DANDY2015\INTEGRATED_PROJECT\ROBOTMGR\ROBOTMGR_WIN\ROBOTMGR_WIN\DEBUG\SVC_JOB_EXE.OBJ
F:\DANDY2015\INTEGRATED_PROJECT\ROBOTMGR\ROBOTMGR_WIN\ROBOTMGR_WIN\DEBUG\SVC_JOB_EXTRA.OBJ
F:\DANDY2015\INTEGRATED_PROJECT\ROBOTMGR\ROBOTMGR_WIN\ROBOTMGR_WIN\DEBUG\SVC_JOB_MON.OBJ
F:\DANDY2015\INTEGRATED_PROJECT\ROBOTMGR\ROBOTMGR_WIN\ROBOTMGR_WIN\DEBUG\SVC_RCON.OBJ
F:\DANDY2015\INTEGRATED_PROJECT\ROBOTMGR\ROBOTMGR_WIN\ROBOTMGR_WIN\DEBUG\SVC_SET_PARAM.OBJ
F:\DANDY2015\INTEGRATED_PROJECT\ROBOTMGR\ROBOTMGR_WIN\ROBOTMGR_WIN\DEBUG\SVC_SHOW_PARAM.OBJ
F:\DANDY2015\INTEGRATED_PROJECT\ROBOTMGR\ROBOTMGR_WIN\ROBOTMGR_WIN\DEBUG\SVC_STATISTICS.OBJ
F:\DANDY2015\INTEGRATED_PROJECT\ROBOTMGR\ROBOTMGR_WIN\ROBOTMGR_WIN\DEBUG\SVC_SYSINFO.OBJ
F:\DANDY2015\INTEGRATED_PROJECT\ROBOTMGR\ROBOTMGR_WIN\ROBOTMGR_WIN\DEBUG\SVC_SYSTEM.OBJ
F:\DANDY2015\INTEGRATED_PROJECT\ROBOTMGR\ROBOTMGR_WIN\ROBOTMGR_WIN\DEBUG\SYSMON_ERR.OBJ
F:\DANDY2015\INTEGRATED_PROJECT\ROBOTMGR\ROBOTMGR_WIN\ROBOTMGR_WIN\DEBUG\SYSMON_STAT.OBJ
F:\DANDY2015\INTEGRATED_PROJECT\ROBOTMGR\ROBOTMGR_WIN\ROBOTMGR_WIN\DEBUG\SYSMON_STATIS.OBJ
F:\DANDY2015\INTEGRATED_PROJECT\ROBOTMGR\ROBOTMGR_WIN\ROBOTMGR_WIN\DEBUG\TERM_DECO.OBJ
F:\DANDY2015\Integrated_Project\robotmgr\robotmgr_win\robotmgr_win\Debug\vc100.idb
F:\DANDY2015\INTEGRATED_PROJECT\ROBOTMGR\ROBOTMGR_WIN\ROBOTMGR_WIN\DEBUG\VC100.PDB
