D:\WORK\DANDY2015_DEV\ROBOTMGR_VER0.14B_130507\ROBOTMGR_WIN\DEBUG\ROBOTMGR_WIN.EXE
D:\WORK\DANDY2015_DEV\ROBOTMGR_VER0.14B_130507\ROBOTMGR_WIN\DEBUG\ROBOTMGR_WIN.ILK
D:\WORK\DANDY2015_DEV\ROBOTMGR_VER0.14B_130507\ROBOTMGR_WIN\DEBUG\ROBOTMGR_WIN.PDB
D:\WORK\DANDY2015_DEV\ROBOTMGR_VER0.14B_130507\ROBOTMGR_WIN\ROBOTMGR_WIN\DEBUG\ARG_PARCING.OBJ
D:\Work\Dandy2015_dev\robotmgr_ver0.14b_130507\robotmgr_win\robotmgr_win\Debug\cl.command.1.tlog
D:\Work\Dandy2015_dev\robotmgr_ver0.14b_130507\robotmgr_win\robotmgr_win\Debug\CL.read.1.tlog
D:\Work\Dandy2015_dev\robotmgr_ver0.14b_130507\robotmgr_win\robotmgr_win\Debug\CL.write.1.tlog
D:\Work\Dandy2015_dev\robotmgr_ver0.14b_130507\robotmgr_win\robotmgr_win\Debug\link.1972.read.1.tlog
D:\Work\Dandy2015_dev\robotmgr_ver0.14b_130507\robotmgr_win\robotmgr_win\Debug\link.1972.write.1.tlog
D:\Work\Dandy2015_dev\robotmgr_ver0.14b_130507\robotmgr_win\robotmgr_win\Debug\link.1972-cvtres.read.1.tlog
D:\Work\Dandy2015_dev\robotmgr_ver0.14b_130507\robotmgr_win\robotmgr_win\Debug\link.1972-cvtres.write.1.tlog
D:\Work\Dandy2015_dev\robotmgr_ver0.14b_130507\robotmgr_win\robotmgr_win\Debug\link.command.1.tlog
D:\Work\Dandy2015_dev\robotmgr_ver0.14b_130507\robotmgr_win\robotmgr_win\Debug\link.read.1.tlog
D:\Work\Dandy2015_dev\robotmgr_ver0.14b_130507\robotmgr_win\robotmgr_win\Debug\link.write.1.tlog
D:\Work\Dandy2015_dev\robotmgr_ver0.14b_130507\robotmgr_win\robotmgr_win\Debug\link-cvtres.read.1.tlog
D:\Work\Dandy2015_dev\robotmgr_ver0.14b_130507\robotmgr_win\robotmgr_win\Debug\link-cvtres.write.1.tlog
D:\WORK\DANDY2015_DEV\ROBOTMGR_VER0.14B_130507\ROBOTMGR_WIN\ROBOTMGR_WIN\DEBUG\MSG_PASS.OBJ
D:\Work\Dandy2015_dev\robotmgr_ver0.14b_130507\robotmgr_win\robotmgr_win\Debug\mt.command.1.tlog
D:\Work\Dandy2015_dev\robotmgr_ver0.14b_130507\robotmgr_win\robotmgr_win\Debug\mt.read.1.tlog
D:\Work\Dandy2015_dev\robotmgr_ver0.14b_130507\robotmgr_win\robotmgr_win\Debug\mt.write.1.tlog
D:\Work\Dandy2015_dev\robotmgr_ver0.14b_130507\robotmgr_win\robotmgr_win\Debug\rc.command.1.tlog
D:\Work\Dandy2015_dev\robotmgr_ver0.14b_130507\robotmgr_win\robotmgr_win\Debug\rc.read.1.tlog
D:\Work\Dandy2015_dev\robotmgr_ver0.14b_130507\robotmgr_win\robotmgr_win\Debug\rc.write.1.tlog
D:\WORK\DANDY2015_DEV\ROBOTMGR_VER0.14B_130507\ROBOTMGR_WIN\ROBOTMGR_WIN\DEBUG\ROBOTMGR_MAIN.OBJ
D:\WORK\DANDY2015_DEV\ROBOTMGR_VER0.14B_130507\ROBOTMGR_WIN\ROBOTMGR_WIN\DEBUG\ROBOTMGR_WIN.EXE.EMBED.MANIFEST
D:\WORK\DANDY2015_DEV\ROBOTMGR_VER0.14B_130507\ROBOTMGR_WIN\ROBOTMGR_WIN\DEBUG\ROBOTMGR_WIN.EXE.EMBED.MANIFEST.RES
D:\WORK\DANDY2015_DEV\ROBOTMGR_VER0.14B_130507\ROBOTMGR_WIN\ROBOTMGR_WIN\DEBUG\ROBOTMGR_WIN.EXE.INTERMEDIATE.MANIFEST
D:\Work\Dandy2015_dev\robotmgr_ver0.14b_130507\robotmgr_win\robotmgr_win\Debug\robotmgr_win_manifest.rc
D:\WORK\DANDY2015_DEV\ROBOTMGR_VER0.14B_130507\ROBOTMGR_WIN\ROBOTMGR_WIN\DEBUG\SERVICE_DEF.OBJ
D:\WORK\DANDY2015_DEV\ROBOTMGR_VER0.14B_130507\ROBOTMGR_WIN\ROBOTMGR_WIN\DEBUG\SHMEM_MGR.OBJ
D:\Work\Dandy2015_dev\robotmgr_ver0.14b_130507\robotmgr_win\robotmgr_win\Debug\vc100.idb
D:\WORK\DANDY2015_DEV\ROBOTMGR_VER0.14B_130507\ROBOTMGR_WIN\ROBOTMGR_WIN\DEBUG\VC100.PDB
