Build started 2014-07-28 AM 8:25:38.
     1>Project "D:\Project\DANDY2015\Project\servocon\servocon_win\servocon_win\servocon_win.vcxproj" on node 2 (rebuild target(s)).
     1>_PrepareForClean:
         Deleting file "Release\servocon_win.lastbuildstate".
       PrepareForBuild:
         Creating directory "D:\Project\DANDY2015\Project\DANDY_2015\Release\".
       InitializeBuildStatus:
         Creating "Release\servocon_win.unsuccessfulbuild" because "AlwaysCreate" was specified.
       ClCompile:
         C:\Program Files (x86)\Microsoft Visual Studio 10.0\VC\bin\CL.exe /c /ID:\Project\DANDY2015\Lib\MIP_QNX_v1.5.180.0\scommon /ID:\Project\DANDY2015\Lib\dandy_2015_140630\lib\include /ID:\Project\DANDY2015\Lib\MIP_QNX_v1.5.180.0\include /Zi /nologo /W3 /WX- /O2 /Oi /Oy- /GL /D WIN32 /D NDEBUG /D _CONSOLE /D _MBCS /Gm- /EHsc /MT /GS /Gy /fp:precise /Zc:wchar_t /Zc:forScope /Fo"Release\\" /Fd"Release\vc100.pdb" /Gd /TC /analyze- /errorReport:prompt ..\..\servocon_src\arg_parsing.c ..\..\servocon_src\ecat_pdo.c ..\..\servocon_src\ecat_coe.c ..\..\servocon_src\ecat_network.c ..\..\servocon_src\ecat_lib.c ..\..\servocon_src\error_parsing.c ..\..\servocon_src\io_svc.c ..\..\servocon_src\motor_svc.c ..\..\servocon_src\msg_pass.c ..\..\servocon_src\save_file.c ..\..\servocon_src\scr_display.c ..\..\servocon_src\svc_handling.c ..\..\servocon_src\run_thread.c ..\..\servocon_src\servocon_main.c ..\..\servocon_src\shmem_mgr.c ..\..\servocon_src\sys_svc.c
         arg_parsing.c
         ecat_pdo.c
         ecat_coe.c
         ecat_network.c
         ecat_lib.c
         error_parsing.c
         io_svc.c
         motor_svc.c
         msg_pass.c
         save_file.c
         scr_display.c
         svc_handling.c
         run_thread.c
         servocon_main.c
         shmem_mgr.c
         sys_svc.c
       ResourceCompile:
         C:\Program Files (x86)\Microsoft SDKs\Windows\v7.0A\bin\rc.exe /l"0x0409" /nologo /fo"Release\servocon_win.res" servocon_win.rc 
       Link:
         C:\Program Files (x86)\Microsoft Visual Studio 10.0\VC\bin\link.exe /ERRORREPORT:PROMPT /OUT:"D:\Project\DANDY2015\Project\DANDY_2015\Release\servocon_win.exe" /INCREMENTAL:NO /NOLOGO /LIBPATH:D:\Project\DANDY2015\Lib\dandy_2015_140630\lib\archive dandy_all_win.lib kernel32.lib user32.lib gdi32.lib winspool.lib comdlg32.lib advapi32.lib shell32.lib ole32.lib oleaut32.lib uuid.lib odbc32.lib odbccp32.lib kernel32.lib user32.lib gdi32.lib winspool.lib comdlg32.lib advapi32.lib shell32.lib ole32.lib oleaut32.lib uuid.lib odbc32.lib odbccp32.lib /MANIFEST /ManifestFile:"Release\servocon_win.exe.intermediate.manifest" /MANIFESTUAC:"level='asInvoker' uiAccess='false'" /DEBUG /PDB:"D:\Project\DANDY2015\Project\DANDY_2015\Release\servocon_win.pdb" /SUBSYSTEM:CONSOLE /OPT:REF /OPT:ICF /LTCG /TLBID:1 /DYNAMICBASE /NXCOMPAT /IMPLIB:"D:\Project\DANDY2015\Project\DANDY_2015\Release\servocon_win.lib" /MACHINE:X86 Release\servocon_win.res
         Release\arg_parsing.obj
         Release\ecat_pdo.obj
         Release\ecat_coe.obj
         Release\ecat_network.obj
         Release\ecat_lib.obj
         Release\error_parsing.obj
         Release\io_svc.obj
         Release\motor_svc.obj
         Release\msg_pass.obj
         Release\save_file.obj
         Release\scr_display.obj
         Release\svc_handling.obj
         Release\run_thread.obj
         Release\servocon_main.obj
         Release\shmem_mgr.obj
         Release\sys_svc.obj
         Generating code
         Finished generating code
         servocon_win.vcxproj -> D:\Project\DANDY2015\Project\DANDY_2015\Release\servocon_win.exe
       Manifest:
         C:\Program Files (x86)\Microsoft SDKs\Windows\v7.0A\bin\mt.exe /nologo /verbose /outputresource:"D:\Project\DANDY2015\Project\DANDY_2015\Release\servocon_win.exe;#1" /manifest Release\servocon_win.exe.intermediate.manifest
       FinalizeBuildStatus:
         Deleting file "Release\servocon_win.unsuccessfulbuild".
         Touching "Release\servocon_win.lastbuildstate".
     1>Done Building Project "D:\Project\DANDY2015\Project\servocon\servocon_win\servocon_win\servocon_win.vcxproj" (rebuild target(s)).

Build succeeded.

Time Elapsed 00:00:03.00
