D:\Project\DANDY2015\Project\servocon\servocon_win\servocon_win\Release\arg_parsing.obj
D:\Project\DANDY2015\Project\servocon\servocon_win\servocon_win\Release\cl.command.1.tlog
D:\Project\DANDY2015\Project\servocon\servocon_win\servocon_win\Release\CL.read.1.tlog
D:\Project\DANDY2015\Project\servocon\servocon_win\servocon_win\Release\CL.write.1.tlog
D:\Project\DANDY2015\Project\servocon\servocon_win\servocon_win\Release\ecat_coe.obj
D:\Project\DANDY2015\Project\servocon\servocon_win\servocon_win\Release\ecat_lib.obj
D:\Project\DANDY2015\Project\servocon\servocon_win\servocon_win\Release\ecat_network.obj
D:\Project\DANDY2015\Project\servocon\servocon_win\servocon_win\Release\ecat_pdo.obj
D:\Project\DANDY2015\Project\servocon\servocon_win\servocon_win\Release\error_parsing.obj
D:\Project\DANDY2015\Project\servocon\servocon_win\servocon_win\Release\io_svc.obj
D:\Project\DANDY2015\Project\servocon\servocon_win\servocon_win\Release\link.command.1.tlog
D:\Project\DANDY2015\Project\servocon\servocon_win\servocon_win\Release\link.read.1.tlog
D:\Project\DANDY2015\Project\servocon\servocon_win\servocon_win\Release\link.write.1.tlog
D:\Project\DANDY2015\Project\servocon\servocon_win\servocon_win\Release\link-cvtres.read.1.tlog
D:\Project\DANDY2015\Project\servocon\servocon_win\servocon_win\Release\link-cvtres.write.1.tlog
D:\Project\DANDY2015\Project\servocon\servocon_win\servocon_win\Release\motor_svc.obj
D:\Project\DANDY2015\Project\servocon\servocon_win\servocon_win\Release\msg_pass.obj
D:\Project\DANDY2015\Project\servocon\servocon_win\servocon_win\Release\mt.command.1.tlog
D:\Project\DANDY2015\Project\servocon\servocon_win\servocon_win\Release\mt.read.1.tlog
D:\Project\DANDY2015\Project\servocon\servocon_win\servocon_win\Release\mt.write.1.tlog
D:\Project\DANDY2015\Project\servocon\servocon_win\servocon_win\Release\rc.command.1.tlog
D:\Project\DANDY2015\Project\servocon\servocon_win\servocon_win\Release\rc.read.1.tlog
D:\Project\DANDY2015\Project\servocon\servocon_win\servocon_win\Release\rc.write.1.tlog
D:\Project\DANDY2015\Project\servocon\servocon_win\servocon_win\Release\run_thread.obj
D:\Project\DANDY2015\Project\servocon\servocon_win\servocon_win\Release\save_file.obj
D:\Project\DANDY2015\Project\servocon\servocon_win\servocon_win\Release\scr_display.obj
D:\Project\DANDY2015\Project\servocon\servocon_win\servocon_win\Release\servocon_main.obj
D:\Project\DANDY2015\Project\servocon\servocon_win\servocon_win\Release\servocon_win.exe.intermediate.manifest
D:\Project\DANDY2015\Project\servocon\servocon_win\servocon_win\Release\servocon_win.res
D:\Project\DANDY2015\Project\servocon\servocon_win\servocon_win\Release\shmem_mgr.obj
D:\Project\DANDY2015\Project\servocon\servocon_win\servocon_win\Release\svc_handling.obj
D:\Project\DANDY2015\Project\servocon\servocon_win\servocon_win\Release\sys_svc.obj
D:\Project\DANDY2015\Project\servocon\servocon_win\servocon_win\Release\vc100.pdb
F:\DANDY2015\PROJECT\SERVOCON\SERVOCON_WIN\RELEASE\SERVOCON_WIN.EXE
F:\DANDY2015\PROJECT\SERVOCON\SERVOCON_WIN\RELEASE\SERVOCON_WIN.PDB
F:\DANDY2015\PROJECT\SERVOCON\SERVOCON_WIN\SERVOCON_WIN\RELEASE\ARG_PARSING.OBJ
F:\DANDY2015\PROJECT\SERVOCON\SERVOCON_WIN\SERVOCON_WIN\RELEASE\ECAT_COE.OBJ
F:\DANDY2015\PROJECT\SERVOCON\SERVOCON_WIN\SERVOCON_WIN\RELEASE\ECAT_LIB.OBJ
F:\DANDY2015\PROJECT\SERVOCON\SERVOCON_WIN\SERVOCON_WIN\RELEASE\ECAT_NETWORK.OBJ
F:\DANDY2015\PROJECT\SERVOCON\SERVOCON_WIN\SERVOCON_WIN\RELEASE\ECAT_PDO.OBJ
F:\DANDY2015\PROJECT\SERVOCON\SERVOCON_WIN\SERVOCON_WIN\RELEASE\ERROR_PARSING.OBJ
F:\DANDY2015\PROJECT\SERVOCON\SERVOCON_WIN\SERVOCON_WIN\RELEASE\IO_SVC.OBJ
F:\DANDY2015\PROJECT\SERVOCON\SERVOCON_WIN\SERVOCON_WIN\RELEASE\MOTOR_SVC.OBJ
F:\DANDY2015\PROJECT\SERVOCON\SERVOCON_WIN\SERVOCON_WIN\RELEASE\MSG_PASS.OBJ
F:\DANDY2015\PROJECT\SERVOCON\SERVOCON_WIN\SERVOCON_WIN\RELEASE\RUN_THREAD.OBJ
F:\DANDY2015\PROJECT\SERVOCON\SERVOCON_WIN\SERVOCON_WIN\RELEASE\SAVE_FILE.OBJ
F:\DANDY2015\PROJECT\SERVOCON\SERVOCON_WIN\SERVOCON_WIN\RELEASE\SCR_DISPLAY.OBJ
F:\DANDY2015\PROJECT\SERVOCON\SERVOCON_WIN\SERVOCON_WIN\RELEASE\SERVOCON_MAIN.OBJ
F:\DANDY2015\PROJECT\SERVOCON\SERVOCON_WIN\SERVOCON_WIN\RELEASE\SERVOCON_WIN.EXE.INTERMEDIATE.MANIFEST
F:\DANDY2015\PROJECT\SERVOCON\SERVOCON_WIN\SERVOCON_WIN\RELEASE\SERVOCON_WIN.RES
F:\DANDY2015\PROJECT\SERVOCON\SERVOCON_WIN\SERVOCON_WIN\RELEASE\SHMEM_MGR.OBJ
F:\DANDY2015\PROJECT\SERVOCON\SERVOCON_WIN\SERVOCON_WIN\RELEASE\SVC_HANDLING.OBJ
F:\DANDY2015\PROJECT\SERVOCON\SERVOCON_WIN\SERVOCON_WIN\RELEASE\SYS_SVC.OBJ
F:\DANDY2015\PROJECT\SERVOCON\SERVOCON_WIN\SERVOCON_WIN\RELEASE\VC100.PDB
