F:\DANDY2015\Integrated_Project\DANDY_2015\\Debug\taskexec_win_d.exe
F:\DANDY2015\Integrated_Project\DANDY_2015\\Debug\taskexec_win_d.ilk
F:\DANDY2015\Integrated_Project\DANDY_2015\\Debug\taskexec_win_d.pdb
F:\DANDY2015\INTEGRATED_PROJECT\DANDY_2015\DEBUG\TASKEXEC_WIN_D.EXE
F:\DANDY2015\INTEGRATED_PROJECT\DANDY_2015\DEBUG\TASKEXEC_WIN_D.ILK
F:\DANDY2015\INTEGRATED_PROJECT\DANDY_2015\DEBUG\TASKEXEC_WIN_D.PDB
F:\DANDY2015\INTEGRATED_PROJECT\TASKEXEC\TASKEXEC_WIN\DEBUG\ARG_GET.OBJ
F:\DANDY2015\INTEGRATED_PROJECT\TASKEXEC\TASKEXEC_WIN\DEBUG\ARG_SET.OBJ
F:\DANDY2015\INTEGRATED_PROJECT\TASKEXEC\TASKEXEC_WIN\DEBUG\ARG_UNIT.OBJ
F:\DANDY2015\INTEGRATED_PROJECT\TASKEXEC\TASKEXEC_WIN\DEBUG\ARGUMENT.OBJ
F:\DANDY2015\INTEGRATED_PROJECT\TASKEXEC\TASKEXEC_WIN\DEBUG\CALC_WEAV_ROT.OBJ
F:\DANDY2015\INTEGRATED_PROJECT\TASKEXEC\TASKEXEC_WIN\DEBUG\CALL_STACK.OBJ
F:\DANDY2015\Integrated_Project\taskexec\taskexec_win\Debug\cl.command.1.tlog
F:\DANDY2015\Integrated_Project\taskexec\taskexec_win\Debug\CL.read.1.tlog
F:\DANDY2015\Integrated_Project\taskexec\taskexec_win\Debug\CL.write.1.tlog
F:\DANDY2015\INTEGRATED_PROJECT\TASKEXEC\TASKEXEC_WIN\DEBUG\CMD.OBJ
F:\DANDY2015\INTEGRATED_PROJECT\TASKEXEC\TASKEXEC_WIN\DEBUG\CMD_BRANCH.OBJ
F:\DANDY2015\INTEGRATED_PROJECT\TASKEXEC\TASKEXEC_WIN\DEBUG\CMD_COORD.OBJ
F:\DANDY2015\INTEGRATED_PROJECT\TASKEXEC\TASKEXEC_WIN\DEBUG\CMD_CWEAV.OBJ
F:\DANDY2015\INTEGRATED_PROJECT\TASKEXEC\TASKEXEC_WIN\DEBUG\CMD_MOV.OBJ
F:\DANDY2015\INTEGRATED_PROJECT\TASKEXEC\TASKEXEC_WIN\DEBUG\CMD_OP.OBJ
F:\DANDY2015\INTEGRATED_PROJECT\TASKEXEC\TASKEXEC_WIN\DEBUG\CMD_PORT.OBJ
F:\DANDY2015\INTEGRATED_PROJECT\TASKEXEC\TASKEXEC_WIN\DEBUG\CMD_TOUCH.OBJ
F:\DANDY2015\INTEGRATED_PROJECT\TASKEXEC\TASKEXEC_WIN\DEBUG\CMD_WELD.OBJ
F:\DANDY2015\INTEGRATED_PROJECT\TASKEXEC\TASKEXEC_WIN\DEBUG\COORD.OBJ
F:\DANDY2015\INTEGRATED_PROJECT\TASKEXEC\TASKEXEC_WIN\DEBUG\FILEMGR.OBJ
F:\DANDY2015\INTEGRATED_PROJECT\TASKEXEC\TASKEXEC_WIN\DEBUG\GEOMETRY.OBJ
F:\DANDY2015\INTEGRATED_PROJECT\TASKEXEC\TASKEXEC_WIN\DEBUG\GLOBAL.OBJ
F:\DANDY2015\INTEGRATED_PROJECT\TASKEXEC\TASKEXEC_WIN\DEBUG\INIT.OBJ
F:\DANDY2015\INTEGRATED_PROJECT\TASKEXEC\TASKEXEC_WIN\DEBUG\KIN_DANDY2.OBJ
F:\DANDY2015\Integrated_Project\taskexec\taskexec_win\Debug\link.command.1.tlog
F:\DANDY2015\Integrated_Project\taskexec\taskexec_win\Debug\link.read.1.tlog
F:\DANDY2015\Integrated_Project\taskexec\taskexec_win\Debug\link.write.1.tlog
F:\DANDY2015\Integrated_Project\taskexec\taskexec_win\Debug\link-cvtres.read.1.tlog
F:\DANDY2015\Integrated_Project\taskexec\taskexec_win\Debug\link-cvtres.write.1.tlog
F:\DANDY2015\INTEGRATED_PROJECT\TASKEXEC\TASKEXEC_WIN\DEBUG\MOTION.OBJ
F:\DANDY2015\Integrated_Project\taskexec\taskexec_win\Debug\mt.command.1.tlog
F:\DANDY2015\Integrated_Project\taskexec\taskexec_win\Debug\mt.read.1.tlog
F:\DANDY2015\Integrated_Project\taskexec\taskexec_win\Debug\mt.write.1.tlog
F:\DANDY2015\INTEGRATED_PROJECT\TASKEXEC\TASKEXEC_WIN\DEBUG\PROFILE3.OBJ
F:\DANDY2015\INTEGRATED_PROJECT\TASKEXEC\TASKEXEC_WIN\DEBUG\PROFILE7.OBJ
F:\DANDY2015\Integrated_Project\taskexec\taskexec_win\Debug\rc.command.1.tlog
F:\DANDY2015\Integrated_Project\taskexec\taskexec_win\Debug\rc.read.1.tlog
F:\DANDY2015\Integrated_Project\taskexec\taskexec_win\Debug\rc.write.1.tlog
F:\DANDY2015\INTEGRATED_PROJECT\TASKEXEC\TASKEXEC_WIN\DEBUG\RUN_JOG.OBJ
F:\DANDY2015\INTEGRATED_PROJECT\TASKEXEC\TASKEXEC_WIN\DEBUG\RUN_PROG.OBJ
F:\DANDY2015\INTEGRATED_PROJECT\TASKEXEC\TASKEXEC_WIN\DEBUG\RUN_RESTART.OBJ
F:\DANDY2015\INTEGRATED_PROJECT\TASKEXEC\TASKEXEC_WIN\DEBUG\RUN_SERV.OBJ
F:\DANDY2015\INTEGRATED_PROJECT\TASKEXEC\TASKEXEC_WIN\DEBUG\RUN_TIMETEST.OBJ
F:\DANDY2015\INTEGRATED_PROJECT\TASKEXEC\TASKEXEC_WIN\DEBUG\SENSOR.OBJ
F:\DANDY2015\INTEGRATED_PROJECT\TASKEXEC\TASKEXEC_WIN\DEBUG\STR_CONV.OBJ
F:\DANDY2015\INTEGRATED_PROJECT\TASKEXEC\TASKEXEC_WIN\DEBUG\T_RUNTIME.OBJ
F:\DANDY2015\INTEGRATED_PROJECT\TASKEXEC\TASKEXEC_WIN\DEBUG\T_TASKEXEC.OBJ
F:\DANDY2015\INTEGRATED_PROJECT\TASKEXEC\TASKEXEC_WIN\DEBUG\T_VGA.OBJ
F:\DANDY2015\INTEGRATED_PROJECT\TASKEXEC\TASKEXEC_WIN\DEBUG\TASKEXEC_WIN.RES
F:\DANDY2015\INTEGRATED_PROJECT\TASKEXEC\TASKEXEC_WIN\DEBUG\TASKEXEC_WIN_D.EXE.EMBED.MANIFEST
F:\DANDY2015\INTEGRATED_PROJECT\TASKEXEC\TASKEXEC_WIN\DEBUG\TASKEXEC_WIN_D.EXE.EMBED.MANIFEST.RES
F:\DANDY2015\INTEGRATED_PROJECT\TASKEXEC\TASKEXEC_WIN\DEBUG\TASKEXEC_WIN_D.EXE.INTERMEDIATE.MANIFEST
F:\DANDY2015\Integrated_Project\taskexec\taskexec_win\Debug\taskexec_win_d_manifest.rc
F:\DANDY2015\INTEGRATED_PROJECT\TASKEXEC\TASKEXEC_WIN\DEBUG\TE_SERV.OBJ
F:\DANDY2015\INTEGRATED_PROJECT\TASKEXEC\TASKEXEC_WIN\DEBUG\TRAJECTORY.OBJ
F:\DANDY2015\Integrated_Project\taskexec\taskexec_win\Debug\vc100.idb
F:\DANDY2015\INTEGRATED_PROJECT\TASKEXEC\TASKEXEC_WIN\DEBUG\VC100.PDB
F:\DANDY2015\INTEGRATED_PROJECT\TASKEXEC\TASKEXEC_WIN\DEBUG\WEAVE.OBJ
