----------------------------------------------------------------
2013-08-22 00:07:39.140 GMT:
 Booting Derby version The Apache Software Foundation - Apache Derby - 10.5.3.0 - (802917): instance a816c00e-0140-a359-1296-00006242808e
on database directory D:\Work\Dandy2015_dev\robotmgr_ver0.11a_130723\.metadata\.plugins\com.qnx.tools.ide.mat.core\MAT10962  

Database Class Loader started - derby.database.classpath=''
----------------------------------------------------------------
2013-08-22 00:07:50.453 GMT:
 Booting Derby version The Apache Software Foundation - Apache Derby - 10.5.3.0 - (802917): instance 63a4c15e-0140-a359-1296-00006242808e
on database directory D:\Work\Dandy2015_dev\robotmgr_ver0.11a_130723\.metadata\.plugins\com.qnx.tools.ide.mat.core\MAT10963  

Database Class Loader started - derby.database.classpath=''
----------------------------------------------------------------
2013-08-22 00:08:40.515 GMT:
 Booting Derby version The Apache Software Foundation - Apache Derby - 10.5.3.0 - (802917): instance 8d72c2ae-0140-a359-1296-00006242808e
on database directory D:\Work\Dandy2015_dev\robotmgr_ver0.11a_130723\.metadata\.plugins\com.qnx.tools.ide.mat.core\MAT10964  

Database Class Loader started - derby.database.classpath=''
----------------------------------------------------------------
2013-08-22 00:14:11.156 GMT:
 Booting Derby version The Apache Software Foundation - Apache Derby - 10.5.3.0 - (802917): instance 2580c3fe-0140-a359-1296-00006242808e
on database directory D:\Work\Dandy2015_dev\robotmgr_ver0.11a_130723\.metadata\.plugins\com.qnx.tools.ide.mat.core\MAT10966  

Database Class Loader started - derby.database.classpath=''
