D:\Project\DANDY2015\Project\robotmgr\robotmgr_win\robotmgr_win\Release\arg_parsing.obj
D:\Project\DANDY2015\Project\robotmgr\robotmgr_win\robotmgr_win\Release\cl.command.1.tlog
D:\Project\DANDY2015\Project\robotmgr\robotmgr_win\robotmgr_win\Release\CL.read.1.tlog
D:\Project\DANDY2015\Project\robotmgr\robotmgr_win\robotmgr_win\Release\CL.write.1.tlog
D:\Project\DANDY2015\Project\robotmgr\robotmgr_win\robotmgr_win\Release\conf_check.obj
D:\Project\DANDY2015\Project\robotmgr\robotmgr_win\robotmgr_win\Release\conf_default.obj
D:\Project\DANDY2015\Project\robotmgr\robotmgr_win\robotmgr_win\Release\conf_load.obj
D:\Project\DANDY2015\Project\robotmgr\robotmgr_win\robotmgr_win\Release\confpars_axis.obj
D:\Project\DANDY2015\Project\robotmgr\robotmgr_win\robotmgr_win\Release\confpars_global.obj
D:\Project\DANDY2015\Project\robotmgr\robotmgr_win\robotmgr_win\Release\confpars_motor.obj
D:\Project\DANDY2015\Project\robotmgr\robotmgr_win\robotmgr_win\Release\confpars_param.obj
D:\Project\DANDY2015\Project\robotmgr\robotmgr_win\robotmgr_win\Release\confpars_robot.obj
D:\Project\DANDY2015\Project\robotmgr\robotmgr_win\robotmgr_win\Release\confpars_statis.obj
D:\Project\DANDY2015\Project\robotmgr\robotmgr_win\robotmgr_win\Release\confpars_welder.obj
D:\Project\DANDY2015\Project\robotmgr\robotmgr_win\robotmgr_win\Release\err_handling.obj
D:\Project\DANDY2015\Project\robotmgr\robotmgr_win\robotmgr_win\Release\err_parsing.obj
D:\Project\DANDY2015\Project\robotmgr\robotmgr_win\robotmgr_win\Release\job_compile.obj
D:\Project\DANDY2015\Project\robotmgr\robotmgr_win\robotmgr_win\Release\link.command.1.tlog
D:\Project\DANDY2015\Project\robotmgr\robotmgr_win\robotmgr_win\Release\link.read.1.tlog
D:\Project\DANDY2015\Project\robotmgr\robotmgr_win\robotmgr_win\Release\link.write.1.tlog
D:\Project\DANDY2015\Project\robotmgr\robotmgr_win\robotmgr_win\Release\link-cvtres.read.1.tlog
D:\Project\DANDY2015\Project\robotmgr\robotmgr_win\robotmgr_win\Release\link-cvtres.write.1.tlog
D:\Project\DANDY2015\Project\robotmgr\robotmgr_win\robotmgr_win\Release\msg_pass.obj
D:\Project\DANDY2015\Project\robotmgr\robotmgr_win\robotmgr_win\Release\mt.command.1.tlog
D:\Project\DANDY2015\Project\robotmgr\robotmgr_win\robotmgr_win\Release\mt.read.1.tlog
D:\Project\DANDY2015\Project\robotmgr\robotmgr_win\robotmgr_win\Release\mt.write.1.tlog
D:\Project\DANDY2015\Project\robotmgr\robotmgr_win\robotmgr_win\Release\par_parsing.obj
D:\Project\DANDY2015\Project\robotmgr\robotmgr_win\robotmgr_win\Release\paramfile_handle.obj
D:\Project\DANDY2015\Project\robotmgr\robotmgr_win\robotmgr_win\Release\rc.command.1.tlog
D:\Project\DANDY2015\Project\robotmgr\robotmgr_win\robotmgr_win\Release\rc.read.1.tlog
D:\Project\DANDY2015\Project\robotmgr\robotmgr_win\robotmgr_win\Release\rc.write.1.tlog
D:\Project\DANDY2015\Project\robotmgr\robotmgr_win\robotmgr_win\Release\robotmgr_main.obj
D:\Project\DANDY2015\Project\robotmgr\robotmgr_win\robotmgr_win\Release\robotmgr_win.exe.intermediate.manifest
D:\Project\DANDY2015\Project\robotmgr\robotmgr_win\robotmgr_win\Release\robotmgr_win1.res
D:\Project\DANDY2015\Project\robotmgr\robotmgr_win\robotmgr_win\Release\scr_display.obj
D:\Project\DANDY2015\Project\robotmgr\robotmgr_win\robotmgr_win\Release\shmem_mgr.obj
D:\Project\DANDY2015\Project\robotmgr\robotmgr_win\robotmgr_win\Release\svc_handling.obj
D:\Project\DANDY2015\Project\robotmgr\robotmgr_win\robotmgr_win\Release\svc_job_exe.obj
D:\Project\DANDY2015\Project\robotmgr\robotmgr_win\robotmgr_win\Release\svc_job_extra.obj
D:\Project\DANDY2015\Project\robotmgr\robotmgr_win\robotmgr_win\Release\svc_job_mon.obj
D:\Project\DANDY2015\Project\robotmgr\robotmgr_win\robotmgr_win\Release\svc_rcon.obj
D:\Project\DANDY2015\Project\robotmgr\robotmgr_win\robotmgr_win\Release\svc_set_param.obj
D:\Project\DANDY2015\Project\robotmgr\robotmgr_win\robotmgr_win\Release\svc_show_param.obj
D:\Project\DANDY2015\Project\robotmgr\robotmgr_win\robotmgr_win\Release\svc_statistics.obj
D:\Project\DANDY2015\Project\robotmgr\robotmgr_win\robotmgr_win\Release\svc_sysinfo.obj
D:\Project\DANDY2015\Project\robotmgr\robotmgr_win\robotmgr_win\Release\svc_system.obj
D:\Project\DANDY2015\Project\robotmgr\robotmgr_win\robotmgr_win\Release\sysmon_err.obj
D:\Project\DANDY2015\Project\robotmgr\robotmgr_win\robotmgr_win\Release\sysmon_stat.obj
D:\Project\DANDY2015\Project\robotmgr\robotmgr_win\robotmgr_win\Release\sysmon_statis.obj
D:\Project\DANDY2015\Project\robotmgr\robotmgr_win\robotmgr_win\Release\term_deco.obj
D:\Project\DANDY2015\Project\robotmgr\robotmgr_win\robotmgr_win\Release\vc100.pdb
F:\DANDY2015\PROJECT\ROBOTMGR\ROBOTMGR_WIN\RELEASE\ROBOTMGR_WIN.EXE
F:\DANDY2015\PROJECT\ROBOTMGR\ROBOTMGR_WIN\RELEASE\ROBOTMGR_WIN.PDB
F:\DANDY2015\PROJECT\ROBOTMGR\ROBOTMGR_WIN\ROBOTMGR_WIN\RELEASE\ARG_PARSING.OBJ
F:\DANDY2015\PROJECT\ROBOTMGR\ROBOTMGR_WIN\ROBOTMGR_WIN\RELEASE\CONF_CHECK.OBJ
F:\DANDY2015\PROJECT\ROBOTMGR\ROBOTMGR_WIN\ROBOTMGR_WIN\RELEASE\CONF_DEFAULT.OBJ
F:\DANDY2015\PROJECT\ROBOTMGR\ROBOTMGR_WIN\ROBOTMGR_WIN\RELEASE\CONF_LOAD.OBJ
F:\DANDY2015\PROJECT\ROBOTMGR\ROBOTMGR_WIN\ROBOTMGR_WIN\RELEASE\CONFPARS_AXIS.OBJ
F:\DANDY2015\PROJECT\ROBOTMGR\ROBOTMGR_WIN\ROBOTMGR_WIN\RELEASE\CONFPARS_GLOBAL.OBJ
F:\DANDY2015\PROJECT\ROBOTMGR\ROBOTMGR_WIN\ROBOTMGR_WIN\RELEASE\CONFPARS_MOTOR.OBJ
F:\DANDY2015\PROJECT\ROBOTMGR\ROBOTMGR_WIN\ROBOTMGR_WIN\RELEASE\CONFPARS_PARAM.OBJ
F:\DANDY2015\PROJECT\ROBOTMGR\ROBOTMGR_WIN\ROBOTMGR_WIN\RELEASE\CONFPARS_ROBOT.OBJ
F:\DANDY2015\PROJECT\ROBOTMGR\ROBOTMGR_WIN\ROBOTMGR_WIN\RELEASE\CONFPARS_STATIS.OBJ
F:\DANDY2015\PROJECT\ROBOTMGR\ROBOTMGR_WIN\ROBOTMGR_WIN\RELEASE\CONFPARS_WELDER.OBJ
F:\DANDY2015\PROJECT\ROBOTMGR\ROBOTMGR_WIN\ROBOTMGR_WIN\RELEASE\ERR_HANDLING.OBJ
F:\DANDY2015\PROJECT\ROBOTMGR\ROBOTMGR_WIN\ROBOTMGR_WIN\RELEASE\ERR_PARSING.OBJ
F:\DANDY2015\PROJECT\ROBOTMGR\ROBOTMGR_WIN\ROBOTMGR_WIN\RELEASE\JOB_COMPILE.OBJ
F:\DANDY2015\PROJECT\ROBOTMGR\ROBOTMGR_WIN\ROBOTMGR_WIN\RELEASE\MSG_PASS.OBJ
F:\DANDY2015\PROJECT\ROBOTMGR\ROBOTMGR_WIN\ROBOTMGR_WIN\RELEASE\PAR_PARSING.OBJ
F:\DANDY2015\PROJECT\ROBOTMGR\ROBOTMGR_WIN\ROBOTMGR_WIN\RELEASE\PARAMFILE_HANDLE.OBJ
F:\DANDY2015\PROJECT\ROBOTMGR\ROBOTMGR_WIN\ROBOTMGR_WIN\RELEASE\ROBOTMGR_MAIN.OBJ
F:\DANDY2015\PROJECT\ROBOTMGR\ROBOTMGR_WIN\ROBOTMGR_WIN\RELEASE\ROBOTMGR_WIN.EXE.INTERMEDIATE.MANIFEST
F:\DANDY2015\PROJECT\ROBOTMGR\ROBOTMGR_WIN\ROBOTMGR_WIN\RELEASE\ROBOTMGR_WIN1.RES
F:\DANDY2015\PROJECT\ROBOTMGR\ROBOTMGR_WIN\ROBOTMGR_WIN\RELEASE\SCR_DISPLAY.OBJ
F:\DANDY2015\PROJECT\ROBOTMGR\ROBOTMGR_WIN\ROBOTMGR_WIN\RELEASE\SHMEM_MGR.OBJ
F:\DANDY2015\PROJECT\ROBOTMGR\ROBOTMGR_WIN\ROBOTMGR_WIN\RELEASE\SVC_HANDLING.OBJ
F:\DANDY2015\PROJECT\ROBOTMGR\ROBOTMGR_WIN\ROBOTMGR_WIN\RELEASE\SVC_JOB_EXE.OBJ
F:\DANDY2015\PROJECT\ROBOTMGR\ROBOTMGR_WIN\ROBOTMGR_WIN\RELEASE\SVC_JOB_EXTRA.OBJ
F:\DANDY2015\PROJECT\ROBOTMGR\ROBOTMGR_WIN\ROBOTMGR_WIN\RELEASE\SVC_JOB_MON.OBJ
F:\DANDY2015\PROJECT\ROBOTMGR\ROBOTMGR_WIN\ROBOTMGR_WIN\RELEASE\SVC_RCON.OBJ
F:\DANDY2015\PROJECT\ROBOTMGR\ROBOTMGR_WIN\ROBOTMGR_WIN\RELEASE\SVC_SET_PARAM.OBJ
F:\DANDY2015\PROJECT\ROBOTMGR\ROBOTMGR_WIN\ROBOTMGR_WIN\RELEASE\SVC_SHOW_PARAM.OBJ
F:\DANDY2015\PROJECT\ROBOTMGR\ROBOTMGR_WIN\ROBOTMGR_WIN\RELEASE\SVC_STATISTICS.OBJ
F:\DANDY2015\PROJECT\ROBOTMGR\ROBOTMGR_WIN\ROBOTMGR_WIN\RELEASE\SVC_SYSINFO.OBJ
F:\DANDY2015\PROJECT\ROBOTMGR\ROBOTMGR_WIN\ROBOTMGR_WIN\RELEASE\SVC_SYSTEM.OBJ
F:\DANDY2015\PROJECT\ROBOTMGR\ROBOTMGR_WIN\ROBOTMGR_WIN\RELEASE\SYSMON_ERR.OBJ
F:\DANDY2015\PROJECT\ROBOTMGR\ROBOTMGR_WIN\ROBOTMGR_WIN\RELEASE\SYSMON_STAT.OBJ
F:\DANDY2015\PROJECT\ROBOTMGR\ROBOTMGR_WIN\ROBOTMGR_WIN\RELEASE\SYSMON_STATIS.OBJ
F:\DANDY2015\PROJECT\ROBOTMGR\ROBOTMGR_WIN\ROBOTMGR_WIN\RELEASE\TERM_DECO.OBJ
F:\DANDY2015\PROJECT\ROBOTMGR\ROBOTMGR_WIN\ROBOTMGR_WIN\RELEASE\VC100.PDB
